02/02/2021 19:27:55	This log contains information about the import schema operation into project 'workloadsyndemo' on computer 'BLAGDON' by user 'joplum'.
02/02/2021 19:27:55	Import of database schema has started.
02/02/2021 19:28:01	Gathering logins
02/02/2021 19:28:03	Gathering database credentials
02/02/2021 19:28:03	Gathering database options
02/02/2021 19:28:03	Gathering users
02/02/2021 19:28:03	Gathering roles
02/02/2021 19:28:03	Gathering role memberships
02/02/2021 19:28:03	Gathering symmetric keys
02/02/2021 19:28:03	Gathering schemas
02/02/2021 19:28:03	Gathering functions
02/02/2021 19:28:03	Gathering procedures
02/02/2021 19:28:03	Gathering partition table specification
02/02/2021 19:28:04	Gathering tables
02/02/2021 19:28:06	Gathering primary keys
02/02/2021 19:28:06	Gathering unique constraints
02/02/2021 19:28:06	Gathering default constraints
02/02/2021 19:28:06	Gathering views
02/02/2021 19:28:06	Gathering indexes
02/02/2021 19:28:07	Gathering statistics
02/02/2021 19:28:07	Gathering column store indexes
02/02/2021 19:28:08	Gathering external data sources
02/02/2021 19:28:08	Gathering external file formats
02/02/2021 19:28:08	Gathering external tables
02/02/2021 19:28:08	Gathering Workload Groups
02/02/2021 19:28:08	Gathering Workload Classifiers
02/02/2021 19:28:09	Gathering logins
02/02/2021 19:28:13	Scanning project for duplicate elements
02/02/2021 19:28:14	Finished duplicate element processing
02/02/2021 19:28:14	Finished importing database.
02/02/2021 19:28:14	A summary of the import was saved to the following location: C:\Users\joplum\OneDrive - Microsoft\docs\source\repos\moderndatawarehouse\synapse\workloadsyndemo\Import Schema Logs\workloadsyndemo_20210202072755.log
02/02/2021 19:28:14	Click Finish to continue...
